<?xml version="1.0" encoding="UTF-8"?>
<!-- Generated by org.testng.reporters.JUnitXMLReporter -->
<testsuite ignored="0" hostname="DESKTOP-UFNGLIU" failures="0" tests="5" name="Default test" time="209.574" errors="0" timestamp="2023-06-14T13:42:56 IST">
  <testcase classname="testcomponent.FinalTest" name="execution01" time="19.5"/>
  <testcase classname="testcomponent.FinalTest" name="execution02" time="22.9"/>
  <testcase classname="testcomponent.FinalTest" name="execution03" time="75.335"/>
  <testcase classname="testcomponent.FinalTest" name="execution04" time="34.937"/>
  <testcase classname="testcomponent.FinalTest" name="execution05" time="25.162"/>
</testsuite> <!-- Default test -->
