<?xml version="1.0" encoding="UTF-8"?>
<testng-results ignored="0" total="5" passed="5" failed="0" skipped="0">
  <reporter-output>
  </reporter-output>
  <suite started-at="2023-06-14T13:39:26 IST" name="Default suite" finished-at="2023-06-14T13:42:56 IST" duration-ms="209574">
    <groups>
    </groups>
    <test started-at="2023-06-14T13:39:26 IST" name="Default test" finished-at="2023-06-14T13:42:56 IST" duration-ms="209574">
      <class name="testcomponent.FinalTest">
        <test-method is-config="true" signature="beforesuite()[pri:0, instance:testcomponent.FinalTest@4f83df68]" started-at="2023-06-14T13:39:26 IST" name="beforesuite" finished-at="2023-06-14T13:39:26 IST" duration-ms="453" status="PASS">
          <reporter-output>
          </reporter-output>
        </test-method> <!-- beforesuite -->
        <test-method is-config="true" signature="beforeTest()[pri:0, instance:testcomponent.FinalTest@4f83df68]" started-at="2023-06-14T13:39:26 IST" name="beforeTest" finished-at="2023-06-14T13:39:35 IST" duration-ms="8464" status="PASS">
          <reporter-output>
          </reporter-output>
        </test-method> <!-- beforeTest -->
        <test-method signature="execution01()[pri:0, instance:testcomponent.FinalTest@4f83df68]" started-at="2023-06-14T13:39:35 IST" name="execution01" finished-at="2023-06-14T13:39:54 IST" duration-ms="19500" status="PASS">
          <reporter-output>
          </reporter-output>
        </test-method> <!-- execution01 -->
        <test-method is-config="true" signature="afterTest()[pri:0, instance:testcomponent.FinalTest@4f83df68]" started-at="2023-06-14T13:39:54 IST" name="afterTest" finished-at="2023-06-14T13:39:55 IST" duration-ms="404" status="PASS">
          <reporter-output>
          </reporter-output>
        </test-method> <!-- afterTest -->
        <test-method is-config="true" signature="beforeTest()[pri:0, instance:testcomponent.FinalTest@4f83df68]" started-at="2023-06-14T13:39:55 IST" name="beforeTest" finished-at="2023-06-14T13:40:00 IST" duration-ms="5032" status="PASS">
          <reporter-output>
          </reporter-output>
        </test-method> <!-- beforeTest -->
        <test-method signature="execution02()[pri:0, instance:testcomponent.FinalTest@4f83df68]" started-at="2023-06-14T13:40:00 IST" name="execution02" finished-at="2023-06-14T13:40:23 IST" duration-ms="22900" status="PASS">
          <reporter-output>
          </reporter-output>
        </test-method> <!-- execution02 -->
        <test-method is-config="true" signature="afterTest()[pri:0, instance:testcomponent.FinalTest@4f83df68]" started-at="2023-06-14T13:40:23 IST" name="afterTest" finished-at="2023-06-14T13:40:23 IST" duration-ms="513" status="PASS">
          <reporter-output>
          </reporter-output>
        </test-method> <!-- afterTest -->
        <test-method is-config="true" signature="beforeTest()[pri:0, instance:testcomponent.FinalTest@4f83df68]" started-at="2023-06-14T13:40:23 IST" name="beforeTest" finished-at="2023-06-14T13:40:28 IST" duration-ms="5035" status="PASS">
          <reporter-output>
          </reporter-output>
        </test-method> <!-- beforeTest -->
        <test-method signature="execution03()[pri:0, instance:testcomponent.FinalTest@4f83df68]" started-at="2023-06-14T13:40:28 IST" name="execution03" finished-at="2023-06-14T13:41:44 IST" duration-ms="75335" status="PASS">
          <reporter-output>
          </reporter-output>
        </test-method> <!-- execution03 -->
        <test-method is-config="true" signature="afterTest()[pri:0, instance:testcomponent.FinalTest@4f83df68]" started-at="2023-06-14T13:41:44 IST" name="afterTest" finished-at="2023-06-14T13:41:44 IST" duration-ms="464" status="PASS">
          <reporter-output>
          </reporter-output>
        </test-method> <!-- afterTest -->
        <test-method is-config="true" signature="beforeTest()[pri:0, instance:testcomponent.FinalTest@4f83df68]" started-at="2023-06-14T13:41:44 IST" name="beforeTest" finished-at="2023-06-14T13:41:50 IST" duration-ms="5720" status="PASS">
          <reporter-output>
          </reporter-output>
        </test-method> <!-- beforeTest -->
        <test-method signature="execution04()[pri:0, instance:testcomponent.FinalTest@4f83df68]" started-at="2023-06-14T13:41:50 IST" name="execution04" finished-at="2023-06-14T13:42:25 IST" duration-ms="34937" status="PASS">
          <reporter-output>
          </reporter-output>
        </test-method> <!-- execution04 -->
        <test-method is-config="true" signature="afterTest()[pri:0, instance:testcomponent.FinalTest@4f83df68]" started-at="2023-06-14T13:42:25 IST" name="afterTest" finished-at="2023-06-14T13:42:25 IST" duration-ms="78" status="PASS">
          <reporter-output>
          </reporter-output>
        </test-method> <!-- afterTest -->
        <test-method is-config="true" signature="beforeTest()[pri:0, instance:testcomponent.FinalTest@4f83df68]" started-at="2023-06-14T13:42:25 IST" name="beforeTest" finished-at="2023-06-14T13:42:30 IST" duration-ms="5118" status="PASS">
          <reporter-output>
          </reporter-output>
        </test-method> <!-- beforeTest -->
        <test-method signature="execution05()[pri:0, instance:testcomponent.FinalTest@4f83df68]" started-at="2023-06-14T13:42:30 IST" name="execution05" finished-at="2023-06-14T13:42:55 IST" duration-ms="25162" status="PASS">
          <reporter-output>
          </reporter-output>
        </test-method> <!-- execution05 -->
        <test-method is-config="true" signature="afterTest()[pri:0, instance:testcomponent.FinalTest@4f83df68]" started-at="2023-06-14T13:42:55 IST" name="afterTest" finished-at="2023-06-14T13:42:56 IST" duration-ms="775" status="PASS">
          <reporter-output>
          </reporter-output>
        </test-method> <!-- afterTest -->
        <test-method is-config="true" signature="afterSuite()[pri:0, instance:testcomponent.FinalTest@4f83df68]" started-at="2023-06-14T13:42:56 IST" name="afterSuite" finished-at="2023-06-14T13:42:57 IST" duration-ms="815" status="PASS">
          <reporter-output>
          </reporter-output>
        </test-method> <!-- afterSuite -->
      </class> <!-- testcomponent.FinalTest -->
    </test> <!-- Default test -->
  </suite> <!-- Default suite -->
</testng-results>
